
**** Build of configuration Debug for project SecuritySystem ****

"C:\\ti\\ccsv6\\utils\\bin\\gmake" -k all 
'Building file: ../main.c'
'Invoking: MSP432 Compiler'
"C:/ti/ccsv6/tools/compiler/ti-cgt-arm_16.6.0.STS/bin/armcl" -mv7M4 --code_state=16 --float_support=FPv4SPD16 -me --include_path="C:/ti/ccsv6/ccs_base/arm/include" --include_path="C:/ti/ccsv6/ccs_base/arm/include/CMSIS" --include_path="C:/Users/Ryan/Documents/School/EGR/EGR 326 Design Project/SecuritySystem/SecuritySystem/driverlib/MSP432P4xx" --include_path="C:/ti/ccsv6/tools/compiler/ti-cgt-arm_16.6.0.STS/include" --advice:power=all --define=__MSP432P401R__ --define=TARGET_IS_MSP432P4XX --define=ccs -g --gcc --diag_warning=225 --diag_wrap=off --display_error_number --abi=eabi --preproc_with_compile --preproc_dependency="main.d"  "../main.c"
"../main.c", line 7: remark #1527-D: (ULP 2.1) Detected SW delay loop using empty loop. Recommend using a timer module instead
'Finished building: ../main.c'
' '
'Building file: ../startup_msp432p401r_ccs.c'
'Invoking: MSP432 Compiler'
"C:/ti/ccsv6/tools/compiler/ti-cgt-arm_16.6.0.STS/bin/armcl" -mv7M4 --code_state=16 --float_support=FPv4SPD16 -me --include_path="C:/ti/ccsv6/ccs_base/arm/include" --include_path="C:/ti/ccsv6/ccs_base/arm/include/CMSIS" --include_path="C:/Users/Ryan/Documents/School/EGR/EGR 326 Design Project/SecuritySystem/SecuritySystem/driverlib/MSP432P4xx" --include_path="C:/ti/ccsv6/tools/compiler/ti-cgt-arm_16.6.0.STS/include" --advice:power=all --define=__MSP432P401R__ --define=TARGET_IS_MSP432P4XX --define=ccs -g --gcc --diag_warning=225 --diag_wrap=off --display_error_number --abi=eabi --preproc_with_compile --preproc_dependency="startup_msp432p401r_ccs.d"  "../startup_msp432p401r_ccs.c"
'Finished building: ../startup_msp432p401r_ccs.c'
' '
'Building file: ../system_msp432p401r.c'
'Invoking: MSP432 Compiler'
"C:/ti/ccsv6/tools/compiler/ti-cgt-arm_16.6.0.STS/bin/armcl" -mv7M4 --code_state=16 --float_support=FPv4SPD16 -me --include_path="C:/ti/ccsv6/ccs_base/arm/include" --include_path="C:/ti/ccsv6/ccs_base/arm/include/CMSIS" --include_path="C:/Users/Ryan/Documents/School/EGR/EGR 326 Design Project/SecuritySystem/SecuritySystem/driverlib/MSP432P4xx" --include_path="C:/ti/ccsv6/tools/compiler/ti-cgt-arm_16.6.0.STS/include" --advice:power=all --define=__MSP432P401R__ --define=TARGET_IS_MSP432P4XX --define=ccs -g --gcc --diag_warning=225 --diag_wrap=off --display_error_number --abi=eabi --preproc_with_compile --preproc_dependency="system_msp432p401r.d"  "../system_msp432p401r.c"
"../system_msp432p401r.c", line 112: remark #2623-D: (ULP 5.4) Detected an assignment to a type with size less than int. To avoid unnecessary sign extension, use int-sized types for local varaibles and convert to smaller types for static storage.
"../system_msp432p401r.c", line 160: remark #2623-D: (ULP 5.4) Detected an assignment to a type with size less than int. To avoid unnecessary sign extension, use int-sized types for local varaibles and convert to smaller types for static storage.
"../system_msp432p401r.c", line 193: remark #2623-D: (ULP 5.4) Detected an assignment to a type with size less than int. To avoid unnecessary sign extension, use int-sized types for local varaibles and convert to smaller types for static storage.
'Finished building: ../system_msp432p401r.c'
' '
'Building file: ../Protocols/I2C.c'
'Invoking: MSP432 Compiler'
"C:/ti/ccsv6/tools/compiler/ti-cgt-arm_16.6.0.STS/bin/armcl" -mv7M4 --code_state=16 --float_support=FPv4SPD16 -me --include_path="C:/ti/ccsv6/ccs_base/arm/include" --include_path="C:/ti/ccsv6/ccs_base/arm/include/CMSIS" --include_path="C:/Users/Ryan/Documents/School/EGR/EGR 326 Design Project/SecuritySystem/SecuritySystem/driverlib/MSP432P4xx" --include_path="C:/ti/ccsv6/tools/compiler/ti-cgt-arm_16.6.0.STS/include" --advice:power=all --define=__MSP432P401R__ --define=TARGET_IS_MSP432P4XX --define=ccs -g --gcc --diag_warning=225 --diag_wrap=off --display_error_number --abi=eabi --preproc_with_compile --preproc_dependency="Protocols/I2C.d" --obj_directory="Protocols"  "../Protocols/I2C.c"
'Finished building: ../Protocols/I2C.c'
' '
'Building target: SecuritySystem.out'
'Invoking: MSP432 Linker'
"C:/ti/ccsv6/tools/compiler/ti-cgt-arm_16.6.0.STS/bin/armcl" -mv7M4 --code_state=16 --float_support=FPv4SPD16 -me --advice:power=all --define=__MSP432P401R__ --define=TARGET_IS_MSP432P4XX --define=ccs -g --gcc --diag_warning=225 --diag_wrap=off --display_error_number --abi=eabi -z -m"SecuritySystem.map" --heap_size=1024 --stack_size=512 -i"C:/ti/ccsv6/ccs_base/arm/include" -i"C:/ti/ccsv6/tools/compiler/ti-cgt-arm_16.6.0.STS/lib" -i"C:/ti/ccsv6/tools/compiler/ti-cgt-arm_16.6.0.STS/include" --reread_libs --diag_wrap=off --display_error_number --warn_sections --xml_link_info="SecuritySystem_linkInfo.xml" --rom_model -o "SecuritySystem.out" "./main.obj" "./startup_msp432p401r_ccs.obj" "./system_msp432p401r.obj" "./Protocols/I2C.obj" "../msp432p401r.cmd" "../msp432p4xx_driverlib.lib"  -llibc.a 
<Linking>
remark #10371-D: (ULP 1.1) Detected no uses of low power mode state changing instructions
remark #10372-D: (ULP 4.1) Detected uninitialized Port 1 in this project. Recommend initializing all unused ports to eliminate wasted current consumption on unused pins.
remark #10372-D: (ULP 4.1) Detected uninitialized Port 2 in this project. Recommend initializing all unused ports to eliminate wasted current consumption on unused pins.
remark #10372-D: (ULP 4.1) Detected uninitialized Port 3 in this project. Recommend initializing all unused ports to eliminate wasted current consumption on unused pins.
remark #10372-D: (ULP 4.1) Detected uninitialized Port 4 in this project. Recommend initializing all unused ports to eliminate wasted current consumption on unused pins.
remark #10372-D: (ULP 4.1) Detected uninitialized Port 5 in this project. Recommend initializing all unused ports to eliminate wasted current consumption on unused pins.
remark #10372-D: (ULP 4.1) Detected uninitialized Port 6 in this project. Recommend initializing all unused ports to eliminate wasted current consumption on unused pins.
remark #10372-D: (ULP 4.1) Detected uninitialized Port 7 in this project. Recommend initializing all unused ports to eliminate wasted current consumption on unused pins.
remark #10372-D: (ULP 4.1) Detected uninitialized Port 8 in this project. Recommend initializing all unused ports to eliminate wasted current consumption on unused pins.
remark #10372-D: (ULP 4.1) Detected uninitialized Port 9 in this project. Recommend initializing all unused ports to eliminate wasted current consumption on unused pins.
remark #10372-D: (ULP 4.1) Detected uninitialized Port 10 in this project. Recommend initializing all unused ports to eliminate wasted current consumption on unused pins.
'Finished building target: SecuritySystem.out'
' '

**** Build Finished ****

**** Build of configuration Debug for project SecuritySystem ****

"C:\\ti\\ccsv6\\utils\\bin\\gmake" -k all 
'Building file: ../main.c'
'Invoking: MSP432 Compiler'
"C:/ti/ccsv6/tools/compiler/ti-cgt-arm_16.6.0.STS/bin/armcl" -mv7M4 --code_state=16 --float_support=FPv4SPD16 -me --include_path="C:/ti/ccsv6/ccs_base/arm/include" --include_path="C:/ti/ccsv6/ccs_base/arm/include/CMSIS" --include_path="C:/Users/Ryan/Documents/School/EGR/EGR 326 Design Project/SecuritySystem/SecuritySystem/driverlib/MSP432P4xx" --include_path="C:/ti/ccsv6/tools/compiler/ti-cgt-arm_16.6.0.STS/include" --advice:power=all --define=__MSP432P401R__ --define=TARGET_IS_MSP432P4XX --define=ccs -g --gcc --diag_warning=225 --diag_wrap=off --display_error_number --abi=eabi --preproc_with_compile --preproc_dependency="main.d"  "../main.c"
"../main.c", line 8: remark #1527-D: (ULP 2.1) Detected SW delay loop using empty loop. Recommend using a timer module instead
'Finished building: ../main.c'
' '
'Building target: SecuritySystem.out'
'Invoking: MSP432 Linker'
"C:/ti/ccsv6/tools/compiler/ti-cgt-arm_16.6.0.STS/bin/armcl" -mv7M4 --code_state=16 --float_support=FPv4SPD16 -me --advice:power=all --define=__MSP432P401R__ --define=TARGET_IS_MSP432P4XX --define=ccs -g --gcc --diag_warning=225 --diag_wrap=off --display_error_number --abi=eabi -z -m"SecuritySystem.map" --heap_size=1024 --stack_size=512 -i"C:/ti/ccsv6/ccs_base/arm/include" -i"C:/ti/ccsv6/tools/compiler/ti-cgt-arm_16.6.0.STS/lib" -i"C:/ti/ccsv6/tools/compiler/ti-cgt-arm_16.6.0.STS/include" --reread_libs --diag_wrap=off --display_error_number --warn_sections --xml_link_info="SecuritySystem_linkInfo.xml" --rom_model -o "SecuritySystem.out" "./main.obj" "./startup_msp432p401r_ccs.obj" "./system_msp432p401r.obj" "./Protocols/I2C.obj" "../msp432p401r.cmd" "../msp432p4xx_driverlib.lib"  -llibc.a 
<Linking>
remark #10371-D: (ULP 1.1) Detected no uses of low power mode state changing instructions
remark #10372-D: (ULP 4.1) Detected uninitialized Port 1 in this project. Recommend initializing all unused ports to eliminate wasted current consumption on unused pins.
remark #10372-D: (ULP 4.1) Detected uninitialized Port 2 in this project. Recommend initializing all unused ports to eliminate wasted current consumption on unused pins.
remark #10372-D: (ULP 4.1) Detected uninitialized Port 3 in this project. Recommend initializing all unused ports to eliminate wasted current consumption on unused pins.
remark #10372-D: (ULP 4.1) Detected uninitialized Port 4 in this project. Recommend initializing all unused ports to eliminate wasted current consumption on unused pins.
remark #10372-D: (ULP 4.1) Detected uninitialized Port 5 in this project. Recommend initializing all unused ports to eliminate wasted current consumption on unused pins.
remark #10372-D: (ULP 4.1) Detected uninitialized Port 6 in this project. Recommend initializing all unused ports to eliminate wasted current consumption on unused pins.
remark #10372-D: (ULP 4.1) Detected uninitialized Port 7 in this project. Recommend initializing all unused ports to eliminate wasted current consumption on unused pins.
remark #10372-D: (ULP 4.1) Detected uninitialized Port 8 in this project. Recommend initializing all unused ports to eliminate wasted current consumption on unused pins.
remark #10372-D: (ULP 4.1) Detected uninitialized Port 9 in this project. Recommend initializing all unused ports to eliminate wasted current consumption on unused pins.
remark #10372-D: (ULP 4.1) Detected uninitialized Port 10 in this project. Recommend initializing all unused ports to eliminate wasted current consumption on unused pins.
'Finished building target: SecuritySystem.out'
' '

**** Build Finished ****

**** Build of configuration Debug for project SecuritySystem ****

"C:\\ti\\ccsv6\\utils\\bin\\gmake" -k all 
'Building file: ../main.c'
'Invoking: MSP432 Compiler'
"C:/ti/ccsv6/tools/compiler/ti-cgt-arm_16.6.0.STS/bin/armcl" -mv7M4 --code_state=16 --float_support=FPv4SPD16 -me --include_path="C:/ti/ccsv6/ccs_base/arm/include" --include_path="C:/ti/ccsv6/ccs_base/arm/include/CMSIS" --include_path="C:/Users/Ryan/Documents/School/EGR/EGR 326 Design Project/SecuritySystem/SecuritySystem/driverlib/MSP432P4xx" --include_path="C:/ti/ccsv6/tools/compiler/ti-cgt-arm_16.6.0.STS/include" --advice:power=all --define=__MSP432P401R__ --define=TARGET_IS_MSP432P4XX --define=ccs -g --gcc --diag_warning=225 --diag_wrap=off --display_error_number --abi=eabi --preproc_with_compile --preproc_dependency="main.d"  "../main.c"

>> Compilation failure
subdir_rules.mk:7: recipe for target 'main.obj' failed
"..\Structures/SensorData.h", line 18: warning #78-D: this declaration has no storage class or type specifier
"..\Structures/SensorData.h", line 20: error #66: expected a ";"
"..\Structures/SensorData.h", line 27: warning #12-D: parsing restarts here after previous syntax error
"../main.c", line 8: remark #1527-D: (ULP 2.1) Detected SW delay loop using empty loop. Recommend using a timer module instead
1 error detected in the compilation of "../main.c".
gmake: *** [main.obj] Error 1
gmake: Target 'all' not remade because of errors.

**** Build Finished ****

**** Build of configuration Debug for project SecuritySystem ****

"C:\\ti\\ccsv6\\utils\\bin\\gmake" -k all 
'Building file: ../main.c'
'Invoking: MSP432 Compiler'
"C:/ti/ccsv6/tools/compiler/ti-cgt-arm_16.6.0.STS/bin/armcl" -mv7M4 --code_state=16 --float_support=FPv4SPD16 -me --include_path="C:/ti/ccsv6/ccs_base/arm/include" --include_path="C:/ti/ccsv6/ccs_base/arm/include/CMSIS" --include_path="C:/Users/Ryan/Documents/School/EGR/EGR 326 Design Project/SecuritySystem/SecuritySystem/driverlib/MSP432P4xx" --include_path="C:/ti/ccsv6/tools/compiler/ti-cgt-arm_16.6.0.STS/include" --advice:power=all --define=__MSP432P401R__ --define=TARGET_IS_MSP432P4XX --define=ccs -g --gcc --diag_warning=225 --diag_wrap=off --display_error_number --abi=eabi --preproc_with_compile --preproc_dependency="main.d"  "../main.c"
"../main.c", line 8: remark #1527-D: (ULP 2.1) Detected SW delay loop using empty loop. Recommend using a timer module instead
'Finished building: ../main.c'
' '
'Building target: SecuritySystem.out'
'Invoking: MSP432 Linker'
"C:/ti/ccsv6/tools/compiler/ti-cgt-arm_16.6.0.STS/bin/armcl" -mv7M4 --code_state=16 --float_support=FPv4SPD16 -me --advice:power=all --define=__MSP432P401R__ --define=TARGET_IS_MSP432P4XX --define=ccs -g --gcc --diag_warning=225 --diag_wrap=off --display_error_number --abi=eabi -z -m"SecuritySystem.map" --heap_size=1024 --stack_size=512 -i"C:/ti/ccsv6/ccs_base/arm/include" -i"C:/ti/ccsv6/tools/compiler/ti-cgt-arm_16.6.0.STS/lib" -i"C:/ti/ccsv6/tools/compiler/ti-cgt-arm_16.6.0.STS/include" --reread_libs --diag_wrap=off --display_error_number --warn_sections --xml_link_info="SecuritySystem_linkInfo.xml" --rom_model -o "SecuritySystem.out" "./main.obj" "./startup_msp432p401r_ccs.obj" "./system_msp432p401r.obj" "./Protocols/I2C.obj" "../msp432p401r.cmd" "../msp432p4xx_driverlib.lib"  -llibc.a 
<Linking>
remark #10371-D: (ULP 1.1) Detected no uses of low power mode state changing instructions
remark #10372-D: (ULP 4.1) Detected uninitialized Port 1 in this project. Recommend initializing all unused ports to eliminate wasted current consumption on unused pins.
remark #10372-D: (ULP 4.1) Detected uninitialized Port 2 in this project. Recommend initializing all unused ports to eliminate wasted current consumption on unused pins.
remark #10372-D: (ULP 4.1) Detected uninitialized Port 3 in this project. Recommend initializing all unused ports to eliminate wasted current consumption on unused pins.
remark #10372-D: (ULP 4.1) Detected uninitialized Port 4 in this project. Recommend initializing all unused ports to eliminate wasted current consumption on unused pins.
remark #10372-D: (ULP 4.1) Detected uninitialized Port 5 in this project. Recommend initializing all unused ports to eliminate wasted current consumption on unused pins.
remark #10372-D: (ULP 4.1) Detected uninitialized Port 6 in this project. Recommend initializing all unused ports to eliminate wasted current consumption on unused pins.
remark #10372-D: (ULP 4.1) Detected uninitialized Port 7 in this project. Recommend initializing all unused ports to eliminate wasted current consumption on unused pins.
remark #10372-D: (ULP 4.1) Detected uninitialized Port 8 in this project. Recommend initializing all unused ports to eliminate wasted current consumption on unused pins.
remark #10372-D: (ULP 4.1) Detected uninitialized Port 9 in this project. Recommend initializing all unused ports to eliminate wasted current consumption on unused pins.
remark #10372-D: (ULP 4.1) Detected uninitialized Port 10 in this project. Recommend initializing all unused ports to eliminate wasted current consumption on unused pins.
'Finished building target: SecuritySystem.out'
' '

**** Build Finished ****

**** Build of configuration Debug for project SecuritySystem ****

"C:\\ti\\ccsv6\\utils\\bin\\gmake" -k all 
'Building file: ../main.c'
'Invoking: MSP432 Compiler'
"C:/ti/ccsv6/tools/compiler/ti-cgt-arm_16.6.0.STS/bin/armcl" -mv7M4 --code_state=16 --float_support=FPv4SPD16 -me --include_path="C:/ti/ccsv6/ccs_base/arm/include" --include_path="C:/ti/ccsv6/ccs_base/arm/include/CMSIS" --include_path="C:/Users/Ryan/Documents/School/EGR/EGR 326 Design Project/SecuritySystem/SecuritySystem/driverlib/MSP432P4xx" --include_path="C:/ti/ccsv6/tools/compiler/ti-cgt-arm_16.6.0.STS/include" --advice:power=all --define=__MSP432P401R__ --define=TARGET_IS_MSP432P4XX --define=ccs -g --gcc --diag_warning=225 --diag_wrap=off --display_error_number --abi=eabi --preproc_with_compile --preproc_dependency="main.d"  "../main.c"

>> Compilation failure
subdir_rules.mk:7: recipe for target 'main.obj' failed
"..\Structures/SensorData.h", line 15: error #41: expected an identifier
"..\Structures/SensorData.h", line 15: error #71: incomplete type is not allowed
"..\Structures/SensorData.h", line 15: warning #66-D: expected a ";"
"../main.c", line 8: remark #1527-D: (ULP 2.1) Detected SW delay loop using empty loop. Recommend using a timer module instead
2 errors detected in the compilation of "../main.c".
gmake: *** [main.obj] Error 1
gmake: Target 'all' not remade because of errors.

**** Build Finished ****

**** Build of configuration Debug for project SecuritySystem ****

"C:\\ti\\ccsv6\\utils\\bin\\gmake" -k all 
'Building file: ../main.c'
'Invoking: MSP432 Compiler'
"C:/ti/ccsv6/tools/compiler/ti-cgt-arm_16.6.0.STS/bin/armcl" -mv7M4 --code_state=16 --float_support=FPv4SPD16 -me --include_path="C:/ti/ccsv6/ccs_base/arm/include" --include_path="C:/ti/ccsv6/ccs_base/arm/include/CMSIS" --include_path="C:/Users/Ryan/Documents/School/EGR/EGR 326 Design Project/SecuritySystem/SecuritySystem/driverlib/MSP432P4xx" --include_path="C:/ti/ccsv6/tools/compiler/ti-cgt-arm_16.6.0.STS/include" --advice:power=all --define=__MSP432P401R__ --define=TARGET_IS_MSP432P4XX --define=ccs -g --gcc --diag_warning=225 --diag_wrap=off --display_error_number --abi=eabi --preproc_with_compile --preproc_dependency="main.d"  "../main.c"

>> Compilation failure
subdir_rules.mk:7: recipe for target 'main.obj' failed
"..\Structures/SensorData.h", line 14: error #71: incomplete type is not allowed
"../main.c", line 8: remark #1527-D: (ULP 2.1) Detected SW delay loop using empty loop. Recommend using a timer module instead
1 error detected in the compilation of "../main.c".
gmake: *** [main.obj] Error 1
gmake: Target 'all' not remade because of errors.

**** Build Finished ****

**** Build of configuration Debug for project SecuritySystem ****

"C:\\ti\\ccsv6\\utils\\bin\\gmake" -k all 
'Building file: ../main.c'
'Invoking: MSP432 Compiler'
"C:/ti/ccsv6/tools/compiler/ti-cgt-arm_16.6.0.STS/bin/armcl" -mv7M4 --code_state=16 --float_support=FPv4SPD16 -me --include_path="C:/ti/ccsv6/ccs_base/arm/include" --include_path="C:/ti/ccsv6/ccs_base/arm/include/CMSIS" --include_path="C:/Users/Ryan/Documents/School/EGR/EGR 326 Design Project/SecuritySystem/SecuritySystem/driverlib/MSP432P4xx" --include_path="C:/ti/ccsv6/tools/compiler/ti-cgt-arm_16.6.0.STS/include" --advice:power=all --define=__MSP432P401R__ --define=TARGET_IS_MSP432P4XX --define=ccs -g --gcc --diag_warning=225 --diag_wrap=off --display_error_number --abi=eabi --preproc_with_compile --preproc_dependency="main.d"  "../main.c"

>> Compilation failure
subdir_rules.mk:7: recipe for target 'main.obj' failed
"..\Structures/SensorData.h", line 14: error #71: incomplete type is not allowed
"../main.c", line 8: remark #1527-D: (ULP 2.1) Detected SW delay loop using empty loop. Recommend using a timer module instead
1 error detected in the compilation of "../main.c".
gmake: *** [main.obj] Error 1
gmake: Target 'all' not remade because of errors.

**** Build Finished ****

**** Build of configuration Debug for project SecuritySystem ****

"C:\\ti\\ccsv6\\utils\\bin\\gmake" -k all 
'Building file: ../main.c'
'Invoking: MSP432 Compiler'
"C:/ti/ccsv6/tools/compiler/ti-cgt-arm_16.6.0.STS/bin/armcl" -mv7M4 --code_state=16 --float_support=FPv4SPD16 -me --include_path="C:/ti/ccsv6/ccs_base/arm/include" --include_path="C:/ti/ccsv6/ccs_base/arm/include/CMSIS" --include_path="C:/Users/Ryan/Documents/School/EGR/EGR 326 Design Project/SecuritySystem/SecuritySystem/driverlib/MSP432P4xx" --include_path="C:/ti/ccsv6/tools/compiler/ti-cgt-arm_16.6.0.STS/include" --advice:power=all --define=__MSP432P401R__ --define=TARGET_IS_MSP432P4XX --define=ccs -g --gcc --diag_warning=225 --diag_wrap=off --display_error_number --abi=eabi --preproc_with_compile --preproc_dependency="main.d"  "../main.c"

>> Compilation failure
subdir_rules.mk:7: recipe for target 'main.obj' failed
"..\Structures/SensorData.h", line 14: error #71: incomplete type is not allowed
"../main.c", line 8: remark #1527-D: (ULP 2.1) Detected SW delay loop using empty loop. Recommend using a timer module instead
1 error detected in the compilation of "../main.c".
gmake: *** [main.obj] Error 1
gmake: Target 'all' not remade because of errors.

**** Build Finished ****

**** Build of configuration Debug for project SecuritySystem ****

"C:\\ti\\ccsv6\\utils\\bin\\gmake" -k all 
'Building file: ../main.c'
'Invoking: MSP432 Compiler'
"C:/ti/ccsv6/tools/compiler/ti-cgt-arm_16.6.0.STS/bin/armcl" -mv7M4 --code_state=16 --float_support=FPv4SPD16 -me --include_path="C:/ti/ccsv6/ccs_base/arm/include" --include_path="C:/ti/ccsv6/ccs_base/arm/include/CMSIS" --include_path="C:/Users/Ryan/Documents/School/EGR/EGR 326 Design Project/SecuritySystem/SecuritySystem/driverlib/MSP432P4xx" --include_path="C:/ti/ccsv6/tools/compiler/ti-cgt-arm_16.6.0.STS/include" --advice:power=all --define=__MSP432P401R__ --define=TARGET_IS_MSP432P4XX --define=ccs -g --gcc --diag_warning=225 --diag_wrap=off --display_error_number --abi=eabi --preproc_with_compile --preproc_dependency="main.d"  "../main.c"

>> Compilation failure
subdir_rules.mk:7: recipe for target 'main.obj' failed
"..\Structures/SensorData.h", line 14: error #71: incomplete type is not allowed
"../main.c", line 8: remark #1527-D: (ULP 2.1) Detected SW delay loop using empty loop. Recommend using a timer module instead
1 error detected in the compilation of "../main.c".
gmake: *** [main.obj] Error 1
gmake: Target 'all' not remade because of errors.

**** Build Finished ****

**** Build of configuration Debug for project SecuritySystem ****

"C:\\ti\\ccsv6\\utils\\bin\\gmake" -k all 
'Building file: ../main.c'
'Invoking: MSP432 Compiler'
"C:/ti/ccsv6/tools/compiler/ti-cgt-arm_16.6.0.STS/bin/armcl" -mv7M4 --code_state=16 --float_support=FPv4SPD16 -me --include_path="C:/ti/ccsv6/ccs_base/arm/include" --include_path="C:/ti/ccsv6/ccs_base/arm/include/CMSIS" --include_path="C:/Users/Ryan/Documents/School/EGR/EGR 326 Design Project/SecuritySystem/SecuritySystem/driverlib/MSP432P4xx" --include_path="C:/ti/ccsv6/tools/compiler/ti-cgt-arm_16.6.0.STS/include" --advice:power=all --define=__MSP432P401R__ --define=TARGET_IS_MSP432P4XX --define=ccs -g --gcc --diag_warning=225 --diag_wrap=off --display_error_number --abi=eabi --preproc_with_compile --preproc_dependency="main.d"  "../main.c"
"../main.c", line 8: remark #1527-D: (ULP 2.1) Detected SW delay loop using empty loop. Recommend using a timer module instead
'Finished building: ../main.c'
' '
'Building target: SecuritySystem.out'
'Invoking: MSP432 Linker'
"C:/ti/ccsv6/tools/compiler/ti-cgt-arm_16.6.0.STS/bin/armcl" -mv7M4 --code_state=16 --float_support=FPv4SPD16 -me --advice:power=all --define=__MSP432P401R__ --define=TARGET_IS_MSP432P4XX --define=ccs -g --gcc --diag_warning=225 --diag_wrap=off --display_error_number --abi=eabi -z -m"SecuritySystem.map" --heap_size=1024 --stack_size=512 -i"C:/ti/ccsv6/ccs_base/arm/include" -i"C:/ti/ccsv6/tools/compiler/ti-cgt-arm_16.6.0.STS/lib" -i"C:/ti/ccsv6/tools/compiler/ti-cgt-arm_16.6.0.STS/include" --reread_libs --diag_wrap=off --display_error_number --warn_sections --xml_link_info="SecuritySystem_linkInfo.xml" --rom_model -o "SecuritySystem.out" "./main.obj" "./startup_msp432p401r_ccs.obj" "./system_msp432p401r.obj" "./Protocols/I2C.obj" "../msp432p401r.cmd" "../msp432p4xx_driverlib.lib"  -llibc.a 
<Linking>
remark #10371-D: (ULP 1.1) Detected no uses of low power mode state changing instructions
remark #10372-D: (ULP 4.1) Detected uninitialized Port 1 in this project. Recommend initializing all unused ports to eliminate wasted current consumption on unused pins.
remark #10372-D: (ULP 4.1) Detected uninitialized Port 2 in this project. Recommend initializing all unused ports to eliminate wasted current consumption on unused pins.
remark #10372-D: (ULP 4.1) Detected uninitialized Port 3 in this project. Recommend initializing all unused ports to eliminate wasted current consumption on unused pins.
remark #10372-D: (ULP 4.1) Detected uninitialized Port 4 in this project. Recommend initializing all unused ports to eliminate wasted current consumption on unused pins.
remark #10372-D: (ULP 4.1) Detected uninitialized Port 5 in this project. Recommend initializing all unused ports to eliminate wasted current consumption on unused pins.
remark #10372-D: (ULP 4.1) Detected uninitialized Port 6 in this project. Recommend initializing all unused ports to eliminate wasted current consumption on unused pins.
remark #10372-D: (ULP 4.1) Detected uninitialized Port 7 in this project. Recommend initializing all unused ports to eliminate wasted current consumption on unused pins.
remark #10372-D: (ULP 4.1) Detected uninitialized Port 8 in this project. Recommend initializing all unused ports to eliminate wasted current consumption on unused pins.
remark #10372-D: (ULP 4.1) Detected uninitialized Port 9 in this project. Recommend initializing all unused ports to eliminate wasted current consumption on unused pins.
remark #10372-D: (ULP 4.1) Detected uninitialized Port 10 in this project. Recommend initializing all unused ports to eliminate wasted current consumption on unused pins.
'Finished building target: SecuritySystem.out'
' '

**** Build Finished ****

**** Build of configuration Debug for project SecuritySystem ****

"C:\\ti\\ccsv6\\utils\\bin\\gmake" -k all 
'Building file: ../main.c'
'Invoking: MSP432 Compiler'
"C:/ti/ccsv6/tools/compiler/ti-cgt-arm_16.6.0.STS/bin/armcl" -mv7M4 --code_state=16 --float_support=FPv4SPD16 -me --include_path="C:/ti/ccsv6/ccs_base/arm/include" --include_path="C:/ti/ccsv6/ccs_base/arm/include/CMSIS" --include_path="C:/Users/Ryan/Documents/School/EGR/EGR 326 Design Project/SecuritySystem/SecuritySystem/driverlib/MSP432P4xx" --include_path="C:/ti/ccsv6/tools/compiler/ti-cgt-arm_16.6.0.STS/include" --advice:power=all --define=__MSP432P401R__ --define=TARGET_IS_MSP432P4XX --define=ccs -g --gcc --diag_warning=225 --diag_wrap=off --display_error_number --abi=eabi --preproc_with_compile --preproc_dependency="main.d"  "../main.c"
"../main.c", line 8: remark #1527-D: (ULP 2.1) Detected SW delay loop using empty loop. Recommend using a timer module instead
'Finished building: ../main.c'
' '
'Building target: SecuritySystem.out'
'Invoking: MSP432 Linker'
"C:/ti/ccsv6/tools/compiler/ti-cgt-arm_16.6.0.STS/bin/armcl" -mv7M4 --code_state=16 --float_support=FPv4SPD16 -me --advice:power=all --define=__MSP432P401R__ --define=TARGET_IS_MSP432P4XX --define=ccs -g --gcc --diag_warning=225 --diag_wrap=off --display_error_number --abi=eabi -z -m"SecuritySystem.map" --heap_size=1024 --stack_size=512 -i"C:/ti/ccsv6/ccs_base/arm/include" -i"C:/ti/ccsv6/tools/compiler/ti-cgt-arm_16.6.0.STS/lib" -i"C:/ti/ccsv6/tools/compiler/ti-cgt-arm_16.6.0.STS/include" --reread_libs --diag_wrap=off --display_error_number --warn_sections --xml_link_info="SecuritySystem_linkInfo.xml" --rom_model -o "SecuritySystem.out" "./main.obj" "./startup_msp432p401r_ccs.obj" "./system_msp432p401r.obj" "./Protocols/I2C.obj" "../msp432p401r.cmd" "../msp432p4xx_driverlib.lib"  -llibc.a 
<Linking>
remark #10371-D: (ULP 1.1) Detected no uses of low power mode state changing instructions
remark #10372-D: (ULP 4.1) Detected uninitialized Port 1 in this project. Recommend initializing all unused ports to eliminate wasted current consumption on unused pins.
remark #10372-D: (ULP 4.1) Detected uninitialized Port 2 in this project. Recommend initializing all unused ports to eliminate wasted current consumption on unused pins.
remark #10372-D: (ULP 4.1) Detected uninitialized Port 3 in this project. Recommend initializing all unused ports to eliminate wasted current consumption on unused pins.
remark #10372-D: (ULP 4.1) Detected uninitialized Port 4 in this project. Recommend initializing all unused ports to eliminate wasted current consumption on unused pins.
remark #10372-D: (ULP 4.1) Detected uninitialized Port 5 in this project. Recommend initializing all unused ports to eliminate wasted current consumption on unused pins.
remark #10372-D: (ULP 4.1) Detected uninitialized Port 6 in this project. Recommend initializing all unused ports to eliminate wasted current consumption on unused pins.
remark #10372-D: (ULP 4.1) Detected uninitialized Port 7 in this project. Recommend initializing all unused ports to eliminate wasted current consumption on unused pins.
remark #10372-D: (ULP 4.1) Detected uninitialized Port 8 in this project. Recommend initializing all unused ports to eliminate wasted current consumption on unused pins.
remark #10372-D: (ULP 4.1) Detected uninitialized Port 9 in this project. Recommend initializing all unused ports to eliminate wasted current consumption on unused pins.
remark #10372-D: (ULP 4.1) Detected uninitialized Port 10 in this project. Recommend initializing all unused ports to eliminate wasted current consumption on unused pins.
'Finished building target: SecuritySystem.out'
' '

**** Build Finished ****

**** Build of configuration Debug for project SecuritySystem ****

"C:\\ti\\ccsv6\\utils\\bin\\gmake" -k all 
'Building file: ../main.c'
'Invoking: MSP432 Compiler'
"C:/ti/ccsv6/tools/compiler/ti-cgt-arm_16.6.0.STS/bin/armcl" -mv7M4 --code_state=16 --float_support=FPv4SPD16 -me --include_path="C:/ti/ccsv6/ccs_base/arm/include" --include_path="C:/ti/ccsv6/ccs_base/arm/include/CMSIS" --include_path="C:/Users/Ryan/Documents/School/EGR/EGR 326 Design Project/SecuritySystem/SecuritySystem/driverlib/MSP432P4xx" --include_path="C:/ti/ccsv6/tools/compiler/ti-cgt-arm_16.6.0.STS/include" --advice:power=all --define=__MSP432P401R__ --define=TARGET_IS_MSP432P4XX --define=ccs -g --gcc --diag_warning=225 --diag_wrap=off --display_error_number --abi=eabi --preproc_with_compile --preproc_dependency="main.d"  "../main.c"
"../main.c", line 8: remark #1527-D: (ULP 2.1) Detected SW delay loop using empty loop. Recommend using a timer module instead
'Finished building: ../main.c'
' '
'Building target: SecuritySystem.out'
'Invoking: MSP432 Linker'
"C:/ti/ccsv6/tools/compiler/ti-cgt-arm_16.6.0.STS/bin/armcl" -mv7M4 --code_state=16 --float_support=FPv4SPD16 -me --advice:power=all --define=__MSP432P401R__ --define=TARGET_IS_MSP432P4XX --define=ccs -g --gcc --diag_warning=225 --diag_wrap=off --display_error_number --abi=eabi -z -m"SecuritySystem.map" --heap_size=1024 --stack_size=512 -i"C:/ti/ccsv6/ccs_base/arm/include" -i"C:/ti/ccsv6/tools/compiler/ti-cgt-arm_16.6.0.STS/lib" -i"C:/ti/ccsv6/tools/compiler/ti-cgt-arm_16.6.0.STS/include" --reread_libs --diag_wrap=off --display_error_number --warn_sections --xml_link_info="SecuritySystem_linkInfo.xml" --rom_model -o "SecuritySystem.out" "./main.obj" "./startup_msp432p401r_ccs.obj" "./system_msp432p401r.obj" "./Protocols/I2C.obj" "../msp432p401r.cmd" "../msp432p4xx_driverlib.lib"  -llibc.a 
<Linking>
remark #10371-D: (ULP 1.1) Detected no uses of low power mode state changing instructions
remark #10372-D: (ULP 4.1) Detected uninitialized Port 1 in this project. Recommend initializing all unused ports to eliminate wasted current consumption on unused pins.
remark #10372-D: (ULP 4.1) Detected uninitialized Port 2 in this project. Recommend initializing all unused ports to eliminate wasted current consumption on unused pins.
remark #10372-D: (ULP 4.1) Detected uninitialized Port 3 in this project. Recommend initializing all unused ports to eliminate wasted current consumption on unused pins.
remark #10372-D: (ULP 4.1) Detected uninitialized Port 4 in this project. Recommend initializing all unused ports to eliminate wasted current consumption on unused pins.
remark #10372-D: (ULP 4.1) Detected uninitialized Port 5 in this project. Recommend initializing all unused ports to eliminate wasted current consumption on unused pins.
remark #10372-D: (ULP 4.1) Detected uninitialized Port 6 in this project. Recommend initializing all unused ports to eliminate wasted current consumption on unused pins.
remark #10372-D: (ULP 4.1) Detected uninitialized Port 7 in this project. Recommend initializing all unused ports to eliminate wasted current consumption on unused pins.
remark #10372-D: (ULP 4.1) Detected uninitialized Port 8 in this project. Recommend initializing all unused ports to eliminate wasted current consumption on unused pins.
remark #10372-D: (ULP 4.1) Detected uninitialized Port 9 in this project. Recommend initializing all unused ports to eliminate wasted current consumption on unused pins.
remark #10372-D: (ULP 4.1) Detected uninitialized Port 10 in this project. Recommend initializing all unused ports to eliminate wasted current consumption on unused pins.
'Finished building target: SecuritySystem.out'
' '

**** Build Finished ****

**** Build of configuration Debug for project SecuritySystem ****

"C:\\ti\\ccsv6\\utils\\bin\\gmake" -k all 
'Building file: ../main.c'
'Invoking: MSP432 Compiler'
"C:/ti/ccsv6/tools/compiler/ti-cgt-arm_16.6.0.STS/bin/armcl" -mv7M4 --code_state=16 --float_support=FPv4SPD16 -me --include_path="C:/ti/ccsv6/ccs_base/arm/include" --include_path="C:/ti/ccsv6/ccs_base/arm/include/CMSIS" --include_path="C:/Users/Ryan/Documents/School/EGR/EGR 326 Design Project/SecuritySystem/SecuritySystem/driverlib/MSP432P4xx" --include_path="C:/ti/ccsv6/tools/compiler/ti-cgt-arm_16.6.0.STS/include" --advice:power=all --define=__MSP432P401R__ --define=TARGET_IS_MSP432P4XX --define=ccs -g --gcc --diag_warning=225 --diag_wrap=off --display_error_number --abi=eabi --preproc_with_compile --preproc_dependency="main.d"  "../main.c"
"../main.c", line 8: remark #1527-D: (ULP 2.1) Detected SW delay loop using empty loop. Recommend using a timer module instead
'Finished building: ../main.c'
' '
'Building target: SecuritySystem.out'
'Invoking: MSP432 Linker'
"C:/ti/ccsv6/tools/compiler/ti-cgt-arm_16.6.0.STS/bin/armcl" -mv7M4 --code_state=16 --float_support=FPv4SPD16 -me --advice:power=all --define=__MSP432P401R__ --define=TARGET_IS_MSP432P4XX --define=ccs -g --gcc --diag_warning=225 --diag_wrap=off --display_error_number --abi=eabi -z -m"SecuritySystem.map" --heap_size=1024 --stack_size=512 -i"C:/ti/ccsv6/ccs_base/arm/include" -i"C:/ti/ccsv6/tools/compiler/ti-cgt-arm_16.6.0.STS/lib" -i"C:/ti/ccsv6/tools/compiler/ti-cgt-arm_16.6.0.STS/include" --reread_libs --diag_wrap=off --display_error_number --warn_sections --xml_link_info="SecuritySystem_linkInfo.xml" --rom_model -o "SecuritySystem.out" "./main.obj" "./startup_msp432p401r_ccs.obj" "./system_msp432p401r.obj" "./Protocols/I2C.obj" "../msp432p401r.cmd" "../msp432p4xx_driverlib.lib"  -llibc.a 
<Linking>
remark #10371-D: (ULP 1.1) Detected no uses of low power mode state changing instructions
remark #10372-D: (ULP 4.1) Detected uninitialized Port 1 in this project. Recommend initializing all unused ports to eliminate wasted current consumption on unused pins.
remark #10372-D: (ULP 4.1) Detected uninitialized Port 2 in this project. Recommend initializing all unused ports to eliminate wasted current consumption on unused pins.
remark #10372-D: (ULP 4.1) Detected uninitialized Port 3 in this project. Recommend initializing all unused ports to eliminate wasted current consumption on unused pins.
remark #10372-D: (ULP 4.1) Detected uninitialized Port 4 in this project. Recommend initializing all unused ports to eliminate wasted current consumption on unused pins.
remark #10372-D: (ULP 4.1) Detected uninitialized Port 5 in this project. Recommend initializing all unused ports to eliminate wasted current consumption on unused pins.
remark #10372-D: (ULP 4.1) Detected uninitialized Port 6 in this project. Recommend initializing all unused ports to eliminate wasted current consumption on unused pins.
remark #10372-D: (ULP 4.1) Detected uninitialized Port 7 in this project. Recommend initializing all unused ports to eliminate wasted current consumption on unused pins.
remark #10372-D: (ULP 4.1) Detected uninitialized Port 8 in this project. Recommend initializing all unused ports to eliminate wasted current consumption on unused pins.
remark #10372-D: (ULP 4.1) Detected uninitialized Port 9 in this project. Recommend initializing all unused ports to eliminate wasted current consumption on unused pins.
remark #10372-D: (ULP 4.1) Detected uninitialized Port 10 in this project. Recommend initializing all unused ports to eliminate wasted current consumption on unused pins.
'Finished building target: SecuritySystem.out'
' '

**** Build Finished ****

**** Build of configuration Debug for project SecuritySystem ****

"C:\\ti\\ccsv6\\utils\\bin\\gmake" -k all 
'Building file: ../main.c'
'Invoking: MSP432 Compiler'
"C:/ti/ccsv6/tools/compiler/ti-cgt-arm_16.6.0.STS/bin/armcl" -mv7M4 --code_state=16 --float_support=FPv4SPD16 -me --include_path="C:/ti/ccsv6/ccs_base/arm/include" --include_path="C:/ti/ccsv6/ccs_base/arm/include/CMSIS" --include_path="C:/Users/Ryan/Documents/School/EGR/EGR 326 Design Project/SecuritySystem/SecuritySystem/driverlib/MSP432P4xx" --include_path="C:/ti/ccsv6/tools/compiler/ti-cgt-arm_16.6.0.STS/include" --advice:power=all --define=__MSP432P401R__ --define=TARGET_IS_MSP432P4XX --define=ccs -g --gcc --diag_warning=225 --diag_wrap=off --display_error_number --abi=eabi --preproc_with_compile --preproc_dependency="main.d"  "../main.c"
"../main.c", line 8: remark #1527-D: (ULP 2.1) Detected SW delay loop using empty loop. Recommend using a timer module instead
'Finished building: ../main.c'
' '
'Building target: SecuritySystem.out'
'Invoking: MSP432 Linker'
"C:/ti/ccsv6/tools/compiler/ti-cgt-arm_16.6.0.STS/bin/armcl" -mv7M4 --code_state=16 --float_support=FPv4SPD16 -me --advice:power=all --define=__MSP432P401R__ --define=TARGET_IS_MSP432P4XX --define=ccs -g --gcc --diag_warning=225 --diag_wrap=off --display_error_number --abi=eabi -z -m"SecuritySystem.map" --heap_size=1024 --stack_size=512 -i"C:/ti/ccsv6/ccs_base/arm/include" -i"C:/ti/ccsv6/tools/compiler/ti-cgt-arm_16.6.0.STS/lib" -i"C:/ti/ccsv6/tools/compiler/ti-cgt-arm_16.6.0.STS/include" --reread_libs --diag_wrap=off --display_error_number --warn_sections --xml_link_info="SecuritySystem_linkInfo.xml" --rom_model -o "SecuritySystem.out" "./main.obj" "./startup_msp432p401r_ccs.obj" "./system_msp432p401r.obj" "./Protocols/I2C.obj" "../msp432p401r.cmd" "../msp432p4xx_driverlib.lib"  -llibc.a 
<Linking>
remark #10371-D: (ULP 1.1) Detected no uses of low power mode state changing instructions
remark #10372-D: (ULP 4.1) Detected uninitialized Port 1 in this project. Recommend initializing all unused ports to eliminate wasted current consumption on unused pins.
remark #10372-D: (ULP 4.1) Detected uninitialized Port 2 in this project. Recommend initializing all unused ports to eliminate wasted current consumption on unused pins.
remark #10372-D: (ULP 4.1) Detected uninitialized Port 3 in this project. Recommend initializing all unused ports to eliminate wasted current consumption on unused pins.
remark #10372-D: (ULP 4.1) Detected uninitialized Port 4 in this project. Recommend initializing all unused ports to eliminate wasted current consumption on unused pins.
remark #10372-D: (ULP 4.1) Detected uninitialized Port 5 in this project. Recommend initializing all unused ports to eliminate wasted current consumption on unused pins.
remark #10372-D: (ULP 4.1) Detected uninitialized Port 6 in this project. Recommend initializing all unused ports to eliminate wasted current consumption on unused pins.
remark #10372-D: (ULP 4.1) Detected uninitialized Port 7 in this project. Recommend initializing all unused ports to eliminate wasted current consumption on unused pins.
remark #10372-D: (ULP 4.1) Detected uninitialized Port 8 in this project. Recommend initializing all unused ports to eliminate wasted current consumption on unused pins.
remark #10372-D: (ULP 4.1) Detected uninitialized Port 9 in this project. Recommend initializing all unused ports to eliminate wasted current consumption on unused pins.
remark #10372-D: (ULP 4.1) Detected uninitialized Port 10 in this project. Recommend initializing all unused ports to eliminate wasted current consumption on unused pins.
'Finished building target: SecuritySystem.out'
' '

**** Build Finished ****
