
**** Build of configuration Debug for project SecuritySystem ****

"C:\\ti\\ccsv6\\utils\\bin\\gmake" -k all 
'Building file: ../main.c'
'Invoking: MSP432 Compiler'
"C:/ti/ccsv6/tools/compiler/ti-cgt-arm_16.6.0.STS/bin/armcl" -mv7M4 --code_state=16 --float_support=FPv4SPD16 -me --include_path="C:/ti/ccsv6/ccs_base/arm/include" --include_path="C:/ti/ccsv6/ccs_base/arm/include/CMSIS" --include_path="C:/Users/Ryan/Documents/School/EGR/EGR 326 Design Project/SecuritySystem/SecuritySystem/driverlib/MSP432P4xx" --include_path="C:/ti/ccsv6/tools/compiler/ti-cgt-arm_16.6.0.STS/include" --advice:power=all --define=__MSP432P401R__ --define=TARGET_IS_MSP432P4XX --define=ccs -g --gcc --diag_warning=225 --diag_wrap=off --display_error_number --abi=eabi --preproc_with_compile --preproc_dependency="main.d"  "../main.c"
"../main.c", line 18: warning #225-D: function "AmbientLight_Module_Read" declared implicitly
"../main.c", line 28: warning #225-D: function "Clock_Init48MHz" declared implicitly
'Finished building: ../main.c'
' '
'Building file: ../Modules/AmbientLight.c'
'Invoking: MSP432 Compiler'
"C:/ti/ccsv6/tools/compiler/ti-cgt-arm_16.6.0.STS/bin/armcl" -mv7M4 --code_state=16 --float_support=FPv4SPD16 -me --include_path="C:/ti/ccsv6/ccs_base/arm/include" --include_path="C:/ti/ccsv6/ccs_base/arm/include/CMSIS" --include_path="C:/Users/Ryan/Documents/School/EGR/EGR 326 Design Project/SecuritySystem/SecuritySystem/driverlib/MSP432P4xx" --include_path="C:/ti/ccsv6/tools/compiler/ti-cgt-arm_16.6.0.STS/include" --advice:power=all --define=__MSP432P401R__ --define=TARGET_IS_MSP432P4XX --define=ccs -g --gcc --diag_warning=225 --diag_wrap=off --display_error_number --abi=eabi --preproc_with_compile --preproc_dependency="Modules/AmbientLight.d" --obj_directory="Modules"  "../Modules/AmbientLight.c"
"../Modules/AmbientLight.c", line 12 (col. 42): remark #1531-D: (ULP 5.2) Detected floating point operation(s). Recommend moving them to RAM during run time or not using as these are processing/power intensive
"../Modules/AmbientLight.c", line 16 (col. 23): remark #1531-D: (ULP 5.2) Detected floating point operation(s). Recommend moving them to RAM during run time or not using as these are processing/power intensive
'Finished building: ../Modules/AmbientLight.c'
' '
'Building file: ../Modules/Clock.c'
'Invoking: MSP432 Compiler'
"C:/ti/ccsv6/tools/compiler/ti-cgt-arm_16.6.0.STS/bin/armcl" -mv7M4 --code_state=16 --float_support=FPv4SPD16 -me --include_path="C:/ti/ccsv6/ccs_base/arm/include" --include_path="C:/ti/ccsv6/ccs_base/arm/include/CMSIS" --include_path="C:/Users/Ryan/Documents/School/EGR/EGR 326 Design Project/SecuritySystem/SecuritySystem/driverlib/MSP432P4xx" --include_path="C:/ti/ccsv6/tools/compiler/ti-cgt-arm_16.6.0.STS/include" --advice:power=all --define=__MSP432P401R__ --define=TARGET_IS_MSP432P4XX --define=ccs -g --gcc --diag_warning=225 --diag_wrap=off --display_error_number --abi=eabi --preproc_with_compile --preproc_dependency="Modules/Clock.d" --obj_directory="Modules"  "../Modules/Clock.c"
'Finished building: ../Modules/Clock.c'
' '
'Building file: ../Modules/RTC.c'
'Invoking: MSP432 Compiler'
"C:/ti/ccsv6/tools/compiler/ti-cgt-arm_16.6.0.STS/bin/armcl" -mv7M4 --code_state=16 --float_support=FPv4SPD16 -me --include_path="C:/ti/ccsv6/ccs_base/arm/include" --include_path="C:/ti/ccsv6/ccs_base/arm/include/CMSIS" --include_path="C:/Users/Ryan/Documents/School/EGR/EGR 326 Design Project/SecuritySystem/SecuritySystem/driverlib/MSP432P4xx" --include_path="C:/ti/ccsv6/tools/compiler/ti-cgt-arm_16.6.0.STS/include" --advice:power=all --define=__MSP432P401R__ --define=TARGET_IS_MSP432P4XX --define=ccs -g --gcc --diag_warning=225 --diag_wrap=off --display_error_number --abi=eabi --preproc_with_compile --preproc_dependency="Modules/RTC.d" --obj_directory="Modules"  "../Modules/RTC.c"
"../Modules/RTC.c", line 8: remark #1527-D: (ULP 2.1) Detected SW delay loop using empty loop. Recommend using a timer module instead
"../Modules/RTC.c", line 62: warning #177-D: subscript out of range
"../Modules/RTC.c", line 32: remark #1527-D: (ULP 2.1) Detected SW delay loop using empty loop. Recommend using a timer module instead
"../Modules/RTC.c", line 36: remark #1527-D: (ULP 2.1) Detected SW delay loop using empty loop. Recommend using a timer module instead
"../Modules/RTC.c", line 40: remark #1527-D: (ULP 2.1) Detected SW delay loop using empty loop. Recommend using a timer module instead
'Finished building: ../Modules/RTC.c'
' '
'Building file: ../Protocols/ADC.c'
'Invoking: MSP432 Compiler'
"C:/ti/ccsv6/tools/compiler/ti-cgt-arm_16.6.0.STS/bin/armcl" -mv7M4 --code_state=16 --float_support=FPv4SPD16 -me --include_path="C:/ti/ccsv6/ccs_base/arm/include" --include_path="C:/ti/ccsv6/ccs_base/arm/include/CMSIS" --include_path="C:/Users/Ryan/Documents/School/EGR/EGR 326 Design Project/SecuritySystem/SecuritySystem/driverlib/MSP432P4xx" --include_path="C:/ti/ccsv6/tools/compiler/ti-cgt-arm_16.6.0.STS/include" --advice:power=all --define=__MSP432P401R__ --define=TARGET_IS_MSP432P4XX --define=ccs -g --gcc --diag_warning=225 --diag_wrap=off --display_error_number --abi=eabi --preproc_with_compile --preproc_dependency="Protocols/ADC.d" --obj_directory="Protocols"  "../Protocols/ADC.c"
'Finished building: ../Protocols/ADC.c'
' '
'Building file: ../Protocols/I2C.c'
'Invoking: MSP432 Compiler'
"C:/ti/ccsv6/tools/compiler/ti-cgt-arm_16.6.0.STS/bin/armcl" -mv7M4 --code_state=16 --float_support=FPv4SPD16 -me --include_path="C:/ti/ccsv6/ccs_base/arm/include" --include_path="C:/ti/ccsv6/ccs_base/arm/include/CMSIS" --include_path="C:/Users/Ryan/Documents/School/EGR/EGR 326 Design Project/SecuritySystem/SecuritySystem/driverlib/MSP432P4xx" --include_path="C:/ti/ccsv6/tools/compiler/ti-cgt-arm_16.6.0.STS/include" --advice:power=all --define=__MSP432P401R__ --define=TARGET_IS_MSP432P4XX --define=ccs -g --gcc --diag_warning=225 --diag_wrap=off --display_error_number --abi=eabi --preproc_with_compile --preproc_dependency="Protocols/I2C.d" --obj_directory="Protocols"  "../Protocols/I2C.c"
'Finished building: ../Protocols/I2C.c'
' '
'Building file: ../Protocols/UART.c'
'Invoking: MSP432 Compiler'
"C:/ti/ccsv6/tools/compiler/ti-cgt-arm_16.6.0.STS/bin/armcl" -mv7M4 --code_state=16 --float_support=FPv4SPD16 -me --include_path="C:/ti/ccsv6/ccs_base/arm/include" --include_path="C:/ti/ccsv6/ccs_base/arm/include/CMSIS" --include_path="C:/Users/Ryan/Documents/School/EGR/EGR 326 Design Project/SecuritySystem/SecuritySystem/driverlib/MSP432P4xx" --include_path="C:/ti/ccsv6/tools/compiler/ti-cgt-arm_16.6.0.STS/include" --advice:power=all --define=__MSP432P401R__ --define=TARGET_IS_MSP432P4XX --define=ccs -g --gcc --diag_warning=225 --diag_wrap=off --display_error_number --abi=eabi --preproc_with_compile --preproc_dependency="Protocols/UART.d" --obj_directory="Protocols"  "../Protocols/UART.c"
'Finished building: ../Protocols/UART.c'
' '
'Building target: SecuritySystem.out'
'Invoking: MSP432 Linker'
"C:/ti/ccsv6/tools/compiler/ti-cgt-arm_16.6.0.STS/bin/armcl" -mv7M4 --code_state=16 --float_support=FPv4SPD16 -me --advice:power=all --define=__MSP432P401R__ --define=TARGET_IS_MSP432P4XX --define=ccs -g --gcc --diag_warning=225 --diag_wrap=off --display_error_number --abi=eabi -z -m"SecuritySystem.map" --heap_size=1024 --stack_size=512 -i"C:/ti/ccsv6/ccs_base/arm/include" -i"C:/ti/ccsv6/tools/compiler/ti-cgt-arm_16.6.0.STS/lib" -i"C:/ti/ccsv6/tools/compiler/ti-cgt-arm_16.6.0.STS/include" --reread_libs --diag_wrap=off --display_error_number --warn_sections --xml_link_info="SecuritySystem_linkInfo.xml" --rom_model -o "SecuritySystem.out" "./main.obj" "./startup_msp432p401r_ccs.obj" "./system_msp432p401r.obj" "./Modules/AmbientLight.obj" "./Modules/Clock.obj" "./Modules/RTC.obj" "./Protocols/ADC.obj" "./Protocols/I2C.obj" "./Protocols/UART.obj" "../msp432p401r.cmd" "../msp432p4xx_driverlib.lib"  -llibc.a 
<Linking>
remark #10371-D: (ULP 1.1) Detected no uses of low power mode state changing instructions
remark #10372-D: (ULP 4.1) Detected uninitialized Port 1 in this project. Recommend initializing all unused ports to eliminate wasted current consumption on unused pins.
remark #10372-D: (ULP 4.1) Detected uninitialized Port 2 in this project. Recommend initializing all unused ports to eliminate wasted current consumption on unused pins.
remark #10372-D: (ULP 4.1) Detected uninitialized Port 3 in this project. Recommend initializing all unused ports to eliminate wasted current consumption on unused pins.
remark #10372-D: (ULP 4.1) Detected uninitialized Port 4 in this project. Recommend initializing all unused ports to eliminate wasted current consumption on unused pins.
remark #10372-D: (ULP 4.1) Detected uninitialized Port 5 in this project. Recommend initializing all unused ports to eliminate wasted current consumption on unused pins.
remark #10372-D: (ULP 4.1) Detected uninitialized Port 6 in this project. Recommend initializing all unused ports to eliminate wasted current consumption on unused pins.
remark #10372-D: (ULP 4.1) Detected uninitialized Port 7 in this project. Recommend initializing all unused ports to eliminate wasted current consumption on unused pins.
remark #10372-D: (ULP 4.1) Detected uninitialized Port 8 in this project. Recommend initializing all unused ports to eliminate wasted current consumption on unused pins.
remark #10372-D: (ULP 4.1) Detected uninitialized Port 9 in this project. Recommend initializing all unused ports to eliminate wasted current consumption on unused pins.
remark #10372-D: (ULP 4.1) Detected uninitialized Port 10 in this project. Recommend initializing all unused ports to eliminate wasted current consumption on unused pins.
'Finished building target: SecuritySystem.out'
' '

**** Build Finished ****
